=== 📰 Daily News Update - 2026-05-14 08:00 ===
Today: 2026年5月14日

📡 Fetching news from IT之家...
Categorized 40 news items
  finance: 4 items
  tech: 24 items
  medical: 0 items
  education: 0 items
  aerospace: 0 items
  products: 9 items
  auto: 2 items
  vc: 1 items

📝 Updating index.html...
📝 Updating dates...
HTML dates updated

🖼️ Downloading images...
  ⏭ finance_1 (no image available)
  ⏭ finance_2 (no image available)
  ⏭ finance_3 (no image available)
  ⏭ tech_1 (no image available)
  ⏭ tech_2 (no image available)
  ⏭ tech_3 (no image available)
  ⏭ medical_1 (no image available)
  ⏭ medical_2 (no image available)
  ⏭ medical_3 (no image available)
  ⏭ education_1 (no image available)
  ⏭ education_2 (no image available)
  ⏭ education_3 (no image available)
  ⏭ aerospace_1 (no image available)
  ⏭ aerospace_2 (no image available)
  ⏭ aerospace_3 (no image available)
  ⏭ products_1 (no image available)
  ✓ products_2.jpg (from IT之家)
  ✓ products_3.jpg (from IT之家)
  ⏭ auto_1 (no image available)
  ⏭ auto_2 (no image available)
  ⏭ auto_3 (no image available)
  ✓ vc_1.jpg (from IT之家)
  ⏭ vc_2 (no image available)
  ⏭ vc_3 (no image available)

🔄 Busting cache...

🚀 Committing and pushing...
